[debug] [2026-06-04T01:22:32.798Z] ----------------------------------------------------------------------
[debug] [2026-06-04T01:22:32.801Z] Command:       C:\Program Files\nodejs\node.exe C:\Users\USER\AppData\Roaming\npm\node_modules\firebase-tools\lib\bin\firebase.js init functions
[debug] [2026-06-04T01:22:32.801Z] CLI Version:   15.19.1
[debug] [2026-06-04T01:22:32.801Z] Platform:      win32
[debug] [2026-06-04T01:22:32.801Z] Node Version:  v24.16.0
[debug] [2026-06-04T01:22:32.801Z] Time:          Thu Jun 04 2026 10:22:32 GMT+0900 (한국 표준시)
[debug] [2026-06-04T01:22:32.801Z] ----------------------------------------------------------------------
[debug] 
[info] 
     ######## #### ########  ######## ########     ###     ######  ########
     ##        ##  ##     ## ##       ##     ##  ##   ##  ##       ##
     ######    ##  ########  ######   ########  #########  ######  ######
     ##        ##  ##    ##  ##       ##     ## ##     ##       ## ##
     ##       #### ##     ## ######## ########  ##     ##  ######  ########

You're about to initialize a Firebase project in this directory:

  d:\LSH\관리 어플

[info] 
=== Project Setup
[info] 
[info] First, let's associate this project directory with a Firebase project.
[info] You can create multiple project aliases by running firebase use --add, 
[info] 
